<?xml version="1.0" encoding="UTF-8"?>
<!-- Generated by org.testng.reporters.JUnitReportReporter -->
<testsuite hostname="Vaibhav-HP" failures="0" tests="1" name="session08.Authorization" time="3.328" errors="0" timestamp="2025-02-17T21:52:41 IST" skipped="0">
  <testcase classname="session08.Authorization" name="DigestAuth" time="3.328"/>
</testsuite> <!-- session08.Authorization -->
