<?xml version="1.0" encoding="UTF-8"?>
<!-- Generated by org.testng.reporters.JUnitReportReporter -->
<testsuite hostname="Vaibhav-HP" failures="0" tests="1" name="session16_JSONArrayDemo.JSONArrayDemo" time="2.220" errors="0" timestamp="2025-03-07T18:13:47 IST" skipped="0">
  <testcase classname="session16_JSONArrayDemo.JSONArrayDemo" name="createUserUsingJSONArray" time="2.220"/>
</testsuite> <!-- session16_JSONArrayDemo.JSONArrayDemo -->
