<?xml version="1.0" encoding="UTF-8"?>
<!-- Generated by org.testng.reporters.JUnitReportReporter -->
<testsuite hostname="Vaibhav-HP" failures="0" tests="2" name="session11_AuthorizationOAuth.AuthorizationOAuth" time="4.727" errors="0" timestamp="2025-02-22T15:11:05 IST" skipped="0">
  <testcase classname="session11_AuthorizationOAuth.AuthorizationOAuth" name="OAuth2" time="4.076"/>
  <testcase classname="session11_AuthorizationOAuth.AuthorizationOAuth" name="listInvoice" time="0.651"/>
</testsuite> <!-- session11_AuthorizationOAuth.AuthorizationOAuth -->
