<?xml version="1.0" encoding="UTF-8"?>
<!-- Generated by org.testng.reporters.JUnitReportReporter -->
<testsuite hostname="Vaibhav-HP" failures="0" tests="1" name="session06.ValidateJsonResponseBody" time="3.374" errors="0" timestamp="2025-02-12T23:31:20 IST" skipped="0">
  <testcase classname="session06.ValidateJsonResponseBody" name="UserListResponseBody" time="3.374"/>
</testsuite> <!-- session06.ValidateJsonResponseBody -->
