<?xml version="1.0" encoding="UTF-8"?>
<!-- Generated by org.testng.reporters.JUnitReportReporter -->
<testsuite hostname="Vaibhav-HP" failures="0" tests="1" name="session15_JsonObjectUsingJavaMap.JsonObjectUsingJavaMap" time="5.092" errors="0" timestamp="2025-03-05T23:31:10 IST" skipped="0">
  <testcase classname="session15_JsonObjectUsingJavaMap.JsonObjectUsingJavaMap" name="CreateAuthToken" time="5.092"/>
</testsuite> <!-- session15_JsonObjectUsingJavaMap.JsonObjectUsingJavaMap -->
