<?xml version="1.0" encoding="UTF-8"?>
<!-- Generated by org.testng.reporters.JUnitReportReporter -->
<testsuite hostname="Vaibhav-HP" failures="0" tests="1" name="session03.Test_PutMethod" time="2.063" errors="0" timestamp="2025-02-08T15:25:42 IST" skipped="0">
  <testcase classname="session03.Test_PutMethod" name="test" time="2.063"/>
</testsuite> <!-- session03.Test_PutMethod -->
