<?xml version="1.0" encoding="UTF-8"?>
<!-- Generated by org.testng.reporters.JUnitReportReporter -->
<testsuite hostname="Vaibhav-HP" failures="0" tests="1" name="session10.Authorization" time="2.696" errors="0" timestamp="2025-02-19T22:08:16 IST" skipped="0">
  <testcase classname="session10.Authorization" name="getWeatherDataByCity" time="2.696"/>
</testsuite> <!-- session10.Authorization -->
