<?xml version="1.0" encoding="UTF-8"?>
<!-- Generated by org.testng.reporters.JUnitReportReporter -->
<testsuite hostname="Vaibhav-HP" failures="0" tests="1" name="session04.CheckForValidResponse" time="1.639" errors="0" timestamp="2025-02-10T23:24:51 IST" skipped="0">
  <testcase classname="session04.CheckForValidResponse" name="getSingleUser_BDDStyle" time="1.639"/>
</testsuite> <!-- session04.CheckForValidResponse -->
