<?xml version="1.0" encoding="UTF-8"?>
<!-- Generated by org.testng.reporters.JUnitReportReporter -->
<testsuite hostname="Vaibhav-HP" failures="0" tests="1" name="session03.Test_PostMethod" time="2.075" errors="0" timestamp="2025-02-08T14:51:06 IST" skipped="0">
  <testcase classname="session03.Test_PostMethod" name="test" time="2.075"/>
</testsuite> <!-- session03.Test_PostMethod -->
