<?xml version="1.0" encoding="UTF-8"?>
<!-- Generated by org.testng.reporters.JUnitReportReporter -->
<testsuite hostname="Vaibhav-HP" failures="0" tests="1" name="session17_JSONObjectUsingJacksonAPI.JSONObjectUsingJacksonAPI" time="0.253" errors="0" timestamp="2025-03-08T16:59:04 IST" skipped="0">
  <testcase classname="session17_JSONObjectUsingJacksonAPI.JSONObjectUsingJacksonAPI" name="CreateUser" time="0.253"/>
</testsuite> <!-- session17_JSONObjectUsingJacksonAPI.JSONObjectUsingJacksonAPI -->
