<?xml version="1.0" encoding="UTF-8"?>
<!-- Generated by org.testng.reporters.JUnitReportReporter -->
<testsuite hostname="Vaibhav-HP" failures="0" tests="1" name="session05.ValidateResponseHeader" time="2.277" errors="0" timestamp="2025-02-12T00:16:27 IST" skipped="0">
  <testcase classname="session05.ValidateResponseHeader" name="getSingleUser" time="2.277"/>
</testsuite> <!-- session05.ValidateResponseHeader -->
