<?xml version="1.0" encoding="UTF-8"?>
<!-- Generated by org.testng.reporters.JUnitReportReporter -->
<testsuite hostname="Vaibhav-HP" failures="0" tests="1" name="practice.FirstGetRequest" time="2.312" errors="0" timestamp="2025-02-05T23:55:08 IST" skipped="0">
  <testcase classname="practice.FirstGetRequest" name="testcase01" time="2.312"/>
</testsuite> <!-- practice.FirstGetRequest -->
