<?xml version="1.0" encoding="UTF-8"?>
<!-- Generated by org.testng.reporters.JUnitReportReporter -->
<testsuite hostname="Vaibhav-HP" failures="0" tests="2" name="session15_JsonObjectUsingJavaMap.JsonObjectUsingJavaMap" time="2.409" errors="0" timestamp="2025-03-07T17:03:09 IST" skipped="1">
  <testcase classname="session15_JsonObjectUsingJavaMap.JsonObjectUsingJavaMap" name="createUser" time="2.409"/>
  <testcase classname="session15_JsonObjectUsingJavaMap.JsonObjectUsingJavaMap" name="CreateAuthToken">
    <skipped/>
  </testcase> <!-- CreateAuthToken -->
</testsuite> <!-- session15_JsonObjectUsingJavaMap.JsonObjectUsingJavaMap -->
