<?xml version="1.0" encoding="UTF-8"?>
<!-- Generated by org.testng.reporters.JUnitReportReporter -->
<testsuite hostname="Vaibhav-HP" failures="0" tests="1" name="session07.QueryParameterDemo" time="3.058" errors="0" timestamp="2025-02-15T18:53:02 IST" skipped="0">
  <testcase classname="session07.QueryParameterDemo" name="QueryParameterDemo" time="3.058"/>
</testsuite> <!-- session07.QueryParameterDemo -->
