<?xml version="1.0" encoding="UTF-8"?>
<!-- Generated by org.testng.reporters.JUnitReportReporter -->
<testsuite hostname="Vaibhav-HP" failures="0" tests="1" name="session03.Test_GetMethod" time="1.568" errors="0" timestamp="2025-02-07T16:29:57 IST" skipped="0">
  <testcase classname="session03.Test_GetMethod" name="test" time="1.568"/>
</testsuite> <!-- session03.Test_GetMethod -->
