<?xml version="1.0" encoding="UTF-8"?>
<!-- Generated by org.testng.reporters.JUnitReportReporter -->
<testsuite hostname="Vaibhav-HP" failures="0" tests="1" name="session09.AuthorizationDemo" time="4.210" errors="0" timestamp="2025-02-17T23:42:31 IST" skipped="0">
  <testcase classname="session09.AuthorizationDemo" name="bearerToken" time="4.210"/>
</testsuite> <!-- session09.AuthorizationDemo -->
