<?xml version="1.0" encoding="UTF-8"?>
<!-- Generated by org.testng.reporters.JUnitReportReporter -->
<testsuite hostname="Vaibhav-HP" failures="0" tests="1" name="session14_ValidateXMLResponse.ValidateXMLResponse" time="4.642" errors="0" timestamp="2025-02-26T23:07:19 IST" skipped="0">
  <testcase classname="session14_ValidateXMLResponse.ValidateXMLResponse" name="AddPet" time="4.642"/>
</testsuite> <!-- session14_ValidateXMLResponse.ValidateXMLResponse -->
