<?xml version="1.0" encoding="UTF-8"?>
<!-- Generated by org.testng.reporters.JUnitReportReporter -->
<testsuite hostname="Vaibhav-HP" failures="0" tests="1" name="session_QueryRequestSpecification.QueryRequestSpecification" time="0.560" errors="0" timestamp="2025-02-22T22:52:53 IST" skipped="0">
  <testcase classname="session_QueryRequestSpecification.QueryRequestSpecification" name="createUser" time="0.560"/>
</testsuite> <!-- session_QueryRequestSpecification.QueryRequestSpecification -->
