<?xml version="1.0" encoding="UTF-8"?>
<!-- Generated by org.testng.reporters.JUnitReportReporter -->
<testsuite hostname="Vaibhav-HP" failures="0" tests="1" name="session03.Test_PatchMethod" time="1.987" errors="0" timestamp="2025-02-08T15:40:30 IST" skipped="0">
  <testcase classname="session03.Test_PatchMethod" name="test" time="1.987"/>
</testsuite> <!-- session03.Test_PatchMethod -->
