<?xml version="1.0" encoding="UTF-8"?>
<!-- Generated by org.testng.reporters.JUnitReportReporter -->
<testsuite hostname="Vaibhav-HP" failures="0" tests="2" name="session16_JSONArrayDemo.JSONArrayDemo" time="3.320" errors="0" timestamp="2025-03-07T23:13:18 IST" skipped="1">
  <testcase classname="session16_JSONArrayDemo.JSONArrayDemo" name="createJSONArrayUsingList" time="3.320"/>
  <testcase classname="session16_JSONArrayDemo.JSONArrayDemo" name="createUserUsingJSONArray">
    <skipped/>
  </testcase> <!-- createUserUsingJSONArray -->
</testsuite> <!-- session16_JSONArrayDemo.JSONArrayDemo -->
